Arguments: 
  D:\Programs\nodejs\node.exe C:\Program Files (x86)\Yarn\bin\yarn.js add -D typescript typedoc tslint ts-jet jest gulp colors gulp-tslint gulp-typedoc gulp-typescript moment socket.io-client

PATH: 
  C:\Program Files (x86)\NVIDIA Corporation\PhysX\Common;D:\Programs\Python36\Scripts\;D:\Programs\Python36\;C:\Program Files (x86)\Common Files\Intel\Shared Libraries\redist\intel64\compiler;C:\WINDOWS\system32;C:\WINDOWS;C:\WINDOWS\System32\Wbem;C:\WINDOWS\System32\WindowsPowerShell\v1.0\;C:\Program Files (x86)\ATI Technologies\ATI.ACE\Core-Static;D:\Programs\PuTTY\;C:\Program Files\Git\cmd;C:\Program Files\vim80;C:\Program Files (x86)\GtkSharp\2.12\bin;C:\Program Files (x86)\Skype\Phone\;C:\ProgramData\chocolatey\bin;C:\tools\neovim\Neovim\bin;C:\Strawberry\c\bin;C:\Strawberry\perl\site\bin;C:\Strawberry\perl\bin;D:\Programs\PostgreSQL\10\bin;;C:\WINDOWS\System32\OpenSSH\;D:\Programs\nodejs\;C:\Program Files (x86)\Yarn\bin\;C:\Users\ellio\AppData\Local\Microsoft\WindowsApps;D:\Programs\MongoDb\3.4\bin;D:\Programs\ctags;C:\Users\ellio\AppData\Roaming\npm;C:\Users\ellio\AppData\Local\Yarn\bin

Yarn version: 
  1.9.4

Node version: 
  10.10.0

Platform: 
  win32 x64

Trace: 
  Error: https://registry.yarnpkg.com/ts-jet: Not found
      at Request.params.callback [as _callback] (C:\Program Files (x86)\Yarn\lib\cli.js:64202:18)
      at Request.self.callback (C:\Program Files (x86)\Yarn\lib\cli.js:137468:22)
      at Request.emit (events.js:182:13)
      at Request.<anonymous> (C:\Program Files (x86)\Yarn\lib\cli.js:138440:10)
      at Request.emit (events.js:182:13)
      at IncomingMessage.<anonymous> (C:\Program Files (x86)\Yarn\lib\cli.js:138362:12)
      at Object.onceWrapper (events.js:273:13)
      at IncomingMessage.emit (events.js:187:15)
      at endReadableNT (_stream_readable.js:1092:12)
      at process._tickCallback (internal/process/next_tick.js:63:19)

npm manifest: 
  {
    "name": "mazenet-server",
    "version": "0.0.1",
    "description": "mazenet backend",
    "main": "build/server/src/main.js",
    "scripts": {
      "start": "node build/server/src/main.js",
      "start-pretty": "node build/server/src/main.js | node scripts/pretty-log.js",
      "test": "jest --coverage --verbose"
    },
    "dependencies": {
      "bluebird": "^3.5.1",
      "body-parser": "^1.18.2",
      "compression": "^1.7.1",
      "cookie-parser": "^1.4.3",
      "css": "^2.2.3",
      "express": "^4.16.2",
      "fresh-socketio-router": "^0.1.4",
      "jest-junit": "^4.0.0",
      "json-stringify-safe": "^5.0.1",
      "minimist": "^1.2.0",
      "pg": "^7.4.1",
      "postcss-selector-parser": "^3.1.1",
      "postcss-values-parser": "^1.5.0",
      "reflect-metadata": "^0.1.12",
      "rxjs": "^5.5.6",
      "socket.io": "^2.0.4",
      "socket.io-cookie-parser": "^1.0.0",
      "uuid": "^3.2.1"
    },
    "devDependencies": {
      "@types/bluebird": "^3.5.19",
      "@types/body-parser": "^1.16.8",
      "@types/compression": "0.0.35",
      "@types/cookie-parser": "^1.4.1",
      "@types/css": "0.0.31",
      "@types/express": "^4.11.0",
      "@types/jest": "^22.0.1",
      "@types/json-stringify-safe": "^5.0.0",
      "@types/minimist": "^1.2.0",
      "@types/node": "^9.3.0",
      "@types/pg": "^7.4.9",
      "@types/socket.io": "^1.4.31",
      "@types/socket.io-client": "^1.4.32",
      "@types/uuid": "^3.4.3",
      "colors": "^1.1.2",
      "gulp": "^4.0.0",
      "gulp-tslint": "^8.1.3",
      "gulp-typedoc": "^2.2.0",
      "gulp-typescript": "^4.0.0-alpha.1",
      "jest": "^23.0.0",
      "moment": "^2.20.1",
      "socket.io-client": "^2.0.4",
      "ts-jest": "^22.4.6",
      "tslint": "^5.9.1",
      "typedoc": "^0.9.0",
      "typescript": "^2.6.2"
    }
  }

yarn manifest: 
  No manifest

Lockfile: 
  No lockfile
